CRITICAL - 2022-08-03 12:16:14 --> Class 'App\Controllers\ResourceController' not found
in APPPATH\Controllers\Produtos.php on line 7.
 1 SYSTEMPATH\Autoloader\Autoloader.php(284): include_once()
 2 SYSTEMPATH\Autoloader\Autoloader.php(261): CodeIgniter\Autoloader\Autoloader->includeFile('APPPATH\\Controllers\\Produtos.php')
 3 SYSTEMPATH\Autoloader\Autoloader.php(239): CodeIgniter\Autoloader\Autoloader->loadInNamespace('App\\Controllers\\Produtos')
 4 [internal function]: CodeIgniter\Autoloader\Autoloader->loadClass('App\\Controllers\\Produtos')
 5 [internal function]: spl_autoload_call('App\\Controllers\\Produtos')
 6 SYSTEMPATH\CodeIgniter.php(846): class_exists('\\App\\Controllers\\Produtos', true)
 7 SYSTEMPATH\CodeIgniter.php(453): CodeIgniter\CodeIgniter->startController()
 8 SYSTEMPATH\CodeIgniter.php(349): CodeIgniter\CodeIgniter->handleRequest(null, Object(Config\Cache), false)
 9 FCPATH\index.php(55): CodeIgniter\CodeIgniter->run()
10 SYSTEMPATH\Commands\Server\rewrite.php(43): require_once('FCPATH\\index.php')
CRITICAL - 2022-08-03 12:32:11 --> Class 'App\Controllers\ResourceController' not found
in APPPATH\Controllers\Produtos.php on line 7.
 1 SYSTEMPATH\Autoloader\Autoloader.php(284): include_once()
 2 SYSTEMPATH\Autoloader\Autoloader.php(261): CodeIgniter\Autoloader\Autoloader->includeFile('APPPATH\\Controllers\\Produtos.php')
 3 SYSTEMPATH\Autoloader\Autoloader.php(239): CodeIgniter\Autoloader\Autoloader->loadInNamespace('App\\Controllers\\Produtos')
 4 [internal function]: CodeIgniter\Autoloader\Autoloader->loadClass('App\\Controllers\\Produtos')
 5 [internal function]: spl_autoload_call('App\\Controllers\\Produtos')
 6 SYSTEMPATH\CodeIgniter.php(846): class_exists('\\App\\Controllers\\Produtos', true)
 7 SYSTEMPATH\CodeIgniter.php(453): CodeIgniter\CodeIgniter->startController()
 8 SYSTEMPATH\CodeIgniter.php(349): CodeIgniter\CodeIgniter->handleRequest(null, Object(Config\Cache), false)
 9 FCPATH\index.php(55): CodeIgniter\CodeIgniter->run()
10 SYSTEMPATH\Commands\Server\rewrite.php(43): require_once('FCPATH\\index.php')
CRITICAL - 2022-08-03 12:33:22 --> Class 'App\Controllers\ResourceController' not found
in APPPATH\Controllers\Produtos.php on line 7.
 1 SYSTEMPATH\Autoloader\Autoloader.php(284): include_once()
 2 SYSTEMPATH\Autoloader\Autoloader.php(261): CodeIgniter\Autoloader\Autoloader->includeFile('APPPATH\\Controllers\\Produtos.php')
 3 SYSTEMPATH\Autoloader\Autoloader.php(239): CodeIgniter\Autoloader\Autoloader->loadInNamespace('App\\Controllers\\Produtos')
 4 [internal function]: CodeIgniter\Autoloader\Autoloader->loadClass('App\\Controllers\\Produtos')
 5 [internal function]: spl_autoload_call('App\\Controllers\\Produtos')
 6 SYSTEMPATH\CodeIgniter.php(846): class_exists('\\App\\Controllers\\Produtos', true)
 7 SYSTEMPATH\CodeIgniter.php(453): CodeIgniter\CodeIgniter->startController()
 8 SYSTEMPATH\CodeIgniter.php(349): CodeIgniter\CodeIgniter->handleRequest(null, Object(Config\Cache), false)
 9 FCPATH\index.php(55): CodeIgniter\CodeIgniter->run()
10 SYSTEMPATH\Commands\Server\rewrite.php(43): require_once('FCPATH\\index.php')
CRITICAL - 2022-08-03 12:33:23 --> Class 'App\Controllers\ResourceController' not found
in APPPATH\Controllers\Produtos.php on line 7.
 1 SYSTEMPATH\Autoloader\Autoloader.php(284): include_once()
 2 SYSTEMPATH\Autoloader\Autoloader.php(261): CodeIgniter\Autoloader\Autoloader->includeFile('APPPATH\\Controllers\\Produtos.php')
 3 SYSTEMPATH\Autoloader\Autoloader.php(239): CodeIgniter\Autoloader\Autoloader->loadInNamespace('App\\Controllers\\Produtos')
 4 [internal function]: CodeIgniter\Autoloader\Autoloader->loadClass('App\\Controllers\\Produtos')
 5 [internal function]: spl_autoload_call('App\\Controllers\\Produtos')
 6 SYSTEMPATH\CodeIgniter.php(846): class_exists('\\App\\Controllers\\Produtos', true)
 7 SYSTEMPATH\CodeIgniter.php(453): CodeIgniter\CodeIgniter->startController()
 8 SYSTEMPATH\CodeIgniter.php(349): CodeIgniter\CodeIgniter->handleRequest(null, Object(Config\Cache), false)
 9 FCPATH\index.php(55): CodeIgniter\CodeIgniter->run()
10 SYSTEMPATH\Commands\Server\rewrite.php(43): require_once('FCPATH\\index.php')
CRITICAL - 2022-08-03 12:33:23 --> Class 'App\Controllers\ResourceController' not found
in APPPATH\Controllers\Produtos.php on line 7.
 1 SYSTEMPATH\Autoloader\Autoloader.php(284): include_once()
 2 SYSTEMPATH\Autoloader\Autoloader.php(261): CodeIgniter\Autoloader\Autoloader->includeFile('APPPATH\\Controllers\\Produtos.php')
 3 SYSTEMPATH\Autoloader\Autoloader.php(239): CodeIgniter\Autoloader\Autoloader->loadInNamespace('App\\Controllers\\Produtos')
 4 [internal function]: CodeIgniter\Autoloader\Autoloader->loadClass('App\\Controllers\\Produtos')
 5 [internal function]: spl_autoload_call('App\\Controllers\\Produtos')
 6 SYSTEMPATH\CodeIgniter.php(846): class_exists('\\App\\Controllers\\Produtos', true)
 7 SYSTEMPATH\CodeIgniter.php(453): CodeIgniter\CodeIgniter->startController()
 8 SYSTEMPATH\CodeIgniter.php(349): CodeIgniter\CodeIgniter->handleRequest(null, Object(Config\Cache), false)
 9 FCPATH\index.php(55): CodeIgniter\CodeIgniter->run()
10 SYSTEMPATH\Commands\Server\rewrite.php(43): require_once('FCPATH\\index.php')
CRITICAL - 2022-08-03 12:34:23 --> Class 'App\Controllers\ResourceController' not found
in APPPATH\Controllers\Produtos.php on line 7.
 1 SYSTEMPATH\Autoloader\Autoloader.php(284): include_once()
 2 SYSTEMPATH\Autoloader\Autoloader.php(261): CodeIgniter\Autoloader\Autoloader->includeFile('APPPATH\\Controllers\\Produtos.php')
 3 SYSTEMPATH\Autoloader\Autoloader.php(239): CodeIgniter\Autoloader\Autoloader->loadInNamespace('App\\Controllers\\Produtos')
 4 [internal function]: CodeIgniter\Autoloader\Autoloader->loadClass('App\\Controllers\\Produtos')
 5 [internal function]: spl_autoload_call('App\\Controllers\\Produtos')
 6 SYSTEMPATH\CodeIgniter.php(846): class_exists('\\App\\Controllers\\Produtos', true)
 7 SYSTEMPATH\CodeIgniter.php(453): CodeIgniter\CodeIgniter->startController()
 8 SYSTEMPATH\CodeIgniter.php(349): CodeIgniter\CodeIgniter->handleRequest(null, Object(Config\Cache), false)
 9 FCPATH\index.php(55): CodeIgniter\CodeIgniter->run()
10 SYSTEMPATH\Commands\Server\rewrite.php(43): require_once('FCPATH\\index.php')
CRITICAL - 2022-08-03 12:34:24 --> Class 'App\Controllers\ResourceController' not found
in APPPATH\Controllers\Produtos.php on line 7.
 1 SYSTEMPATH\Autoloader\Autoloader.php(284): include_once()
 2 SYSTEMPATH\Autoloader\Autoloader.php(261): CodeIgniter\Autoloader\Autoloader->includeFile('APPPATH\\Controllers\\Produtos.php')
 3 SYSTEMPATH\Autoloader\Autoloader.php(239): CodeIgniter\Autoloader\Autoloader->loadInNamespace('App\\Controllers\\Produtos')
 4 [internal function]: CodeIgniter\Autoloader\Autoloader->loadClass('App\\Controllers\\Produtos')
 5 [internal function]: spl_autoload_call('App\\Controllers\\Produtos')
 6 SYSTEMPATH\CodeIgniter.php(846): class_exists('\\App\\Controllers\\Produtos', true)
 7 SYSTEMPATH\CodeIgniter.php(453): CodeIgniter\CodeIgniter->startController()
 8 SYSTEMPATH\CodeIgniter.php(349): CodeIgniter\CodeIgniter->handleRequest(null, Object(Config\Cache), false)
 9 FCPATH\index.php(55): CodeIgniter\CodeIgniter->run()
10 SYSTEMPATH\Commands\Server\rewrite.php(43): require_once('FCPATH\\index.php')
CRITICAL - 2022-08-03 12:42:34 --> Class 'App\Controllers\ResourceController' not found
in APPPATH\Controllers\Produtos.php on line 7.
 1 SYSTEMPATH\Autoloader\Autoloader.php(284): include_once()
 2 SYSTEMPATH\Autoloader\Autoloader.php(261): CodeIgniter\Autoloader\Autoloader->includeFile('APPPATH\\Controllers\\Produtos.php')
 3 SYSTEMPATH\Autoloader\Autoloader.php(239): CodeIgniter\Autoloader\Autoloader->loadInNamespace('App\\Controllers\\Produtos')
 4 [internal function]: CodeIgniter\Autoloader\Autoloader->loadClass('App\\Controllers\\Produtos')
 5 [internal function]: spl_autoload_call('App\\Controllers\\Produtos')
 6 SYSTEMPATH\CodeIgniter.php(846): class_exists('\\App\\Controllers\\Produtos', true)
 7 SYSTEMPATH\CodeIgniter.php(453): CodeIgniter\CodeIgniter->startController()
 8 SYSTEMPATH\CodeIgniter.php(349): CodeIgniter\CodeIgniter->handleRequest(null, Object(Config\Cache), false)
 9 FCPATH\index.php(55): CodeIgniter\CodeIgniter->run()
10 SYSTEMPATH\Commands\Server\rewrite.php(43): require_once('FCPATH\\index.php')
CRITICAL - 2022-08-03 12:42:46 --> Class 'App\Controllers\ResourceController' not found
in APPPATH\Controllers\Produtos.php on line 7.
 1 SYSTEMPATH\Autoloader\Autoloader.php(284): include_once()
 2 SYSTEMPATH\Autoloader\Autoloader.php(261): CodeIgniter\Autoloader\Autoloader->includeFile('APPPATH\\Controllers\\Produtos.php')
 3 SYSTEMPATH\Autoloader\Autoloader.php(239): CodeIgniter\Autoloader\Autoloader->loadInNamespace('App\\Controllers\\Produtos')
 4 [internal function]: CodeIgniter\Autoloader\Autoloader->loadClass('App\\Controllers\\Produtos')
 5 [internal function]: spl_autoload_call('App\\Controllers\\Produtos')
 6 SYSTEMPATH\CodeIgniter.php(846): class_exists('\\App\\Controllers\\Produtos', true)
 7 SYSTEMPATH\CodeIgniter.php(453): CodeIgniter\CodeIgniter->startController()
 8 SYSTEMPATH\CodeIgniter.php(349): CodeIgniter\CodeIgniter->handleRequest(null, Object(Config\Cache), false)
 9 FCPATH\index.php(55): CodeIgniter\CodeIgniter->run()
10 SYSTEMPATH\Commands\Server\rewrite.php(43): require_once('FCPATH\\index.php')
CRITICAL - 2022-08-03 12:44:12 --> Class 'CodeIgniter\Models' not found
in APPPATH\Models\ProdutosModel.php on line 7.
 1 SYSTEMPATH\Autoloader\Autoloader.php(284): include_once()
 2 SYSTEMPATH\Autoloader\Autoloader.php(261): CodeIgniter\Autoloader\Autoloader->includeFile('APPPATH\\Models\\ProdutosModel.php')
 3 SYSTEMPATH\Autoloader\Autoloader.php(239): CodeIgniter\Autoloader\Autoloader->loadInNamespace('App\\Models\\ProdutosModel')
 4 [internal function]: CodeIgniter\Autoloader\Autoloader->loadClass('App\\Models\\ProdutosModel')
 5 APPPATH\Controllers\Produtos.php(12): spl_autoload_call('App\\Models\\ProdutosModel')
 6 SYSTEMPATH\CodeIgniter.php(858): App\Controllers\Produtos->__construct()
 7 SYSTEMPATH\CodeIgniter.php(457): CodeIgniter\CodeIgniter->createController()
 8 SYSTEMPATH\CodeIgniter.php(349): CodeIgniter\CodeIgniter->handleRequest(null, Object(Config\Cache), false)
 9 FCPATH\index.php(55): CodeIgniter\CodeIgniter->run()
10 SYSTEMPATH\Commands\Server\rewrite.php(43): require_once('FCPATH\\index.php')
CRITICAL - 2022-08-03 12:44:14 --> Class 'CodeIgniter\Models' not found
in APPPATH\Models\ProdutosModel.php on line 7.
 1 SYSTEMPATH\Autoloader\Autoloader.php(284): include_once()
 2 SYSTEMPATH\Autoloader\Autoloader.php(261): CodeIgniter\Autoloader\Autoloader->includeFile('APPPATH\\Models\\ProdutosModel.php')
 3 SYSTEMPATH\Autoloader\Autoloader.php(239): CodeIgniter\Autoloader\Autoloader->loadInNamespace('App\\Models\\ProdutosModel')
 4 [internal function]: CodeIgniter\Autoloader\Autoloader->loadClass('App\\Models\\ProdutosModel')
 5 APPPATH\Controllers\Produtos.php(12): spl_autoload_call('App\\Models\\ProdutosModel')
 6 SYSTEMPATH\CodeIgniter.php(858): App\Controllers\Produtos->__construct()
 7 SYSTEMPATH\CodeIgniter.php(457): CodeIgniter\CodeIgniter->createController()
 8 SYSTEMPATH\CodeIgniter.php(349): CodeIgniter\CodeIgniter->handleRequest(null, Object(Config\Cache), false)
 9 FCPATH\index.php(55): CodeIgniter\CodeIgniter->run()
10 SYSTEMPATH\Commands\Server\rewrite.php(43): require_once('FCPATH\\index.php')
CRITICAL - 2022-08-03 12:44:14 --> Class 'CodeIgniter\Models' not found
in APPPATH\Models\ProdutosModel.php on line 7.
 1 SYSTEMPATH\Autoloader\Autoloader.php(284): include_once()
 2 SYSTEMPATH\Autoloader\Autoloader.php(261): CodeIgniter\Autoloader\Autoloader->includeFile('APPPATH\\Models\\ProdutosModel.php')
 3 SYSTEMPATH\Autoloader\Autoloader.php(239): CodeIgniter\Autoloader\Autoloader->loadInNamespace('App\\Models\\ProdutosModel')
 4 [internal function]: CodeIgniter\Autoloader\Autoloader->loadClass('App\\Models\\ProdutosModel')
 5 APPPATH\Controllers\Produtos.php(12): spl_autoload_call('App\\Models\\ProdutosModel')
 6 SYSTEMPATH\CodeIgniter.php(858): App\Controllers\Produtos->__construct()
 7 SYSTEMPATH\CodeIgniter.php(457): CodeIgniter\CodeIgniter->createController()
 8 SYSTEMPATH\CodeIgniter.php(349): CodeIgniter\CodeIgniter->handleRequest(null, Object(Config\Cache), false)
 9 FCPATH\index.php(55): CodeIgniter\CodeIgniter->run()
10 SYSTEMPATH\Commands\Server\rewrite.php(43): require_once('FCPATH\\index.php')
CRITICAL - 2022-08-03 12:44:15 --> Class 'CodeIgniter\Models' not found
in APPPATH\Models\ProdutosModel.php on line 7.
 1 SYSTEMPATH\Autoloader\Autoloader.php(284): include_once()
 2 SYSTEMPATH\Autoloader\Autoloader.php(261): CodeIgniter\Autoloader\Autoloader->includeFile('APPPATH\\Models\\ProdutosModel.php')
 3 SYSTEMPATH\Autoloader\Autoloader.php(239): CodeIgniter\Autoloader\Autoloader->loadInNamespace('App\\Models\\ProdutosModel')
 4 [internal function]: CodeIgniter\Autoloader\Autoloader->loadClass('App\\Models\\ProdutosModel')
 5 APPPATH\Controllers\Produtos.php(12): spl_autoload_call('App\\Models\\ProdutosModel')
 6 SYSTEMPATH\CodeIgniter.php(858): App\Controllers\Produtos->__construct()
 7 SYSTEMPATH\CodeIgniter.php(457): CodeIgniter\CodeIgniter->createController()
 8 SYSTEMPATH\CodeIgniter.php(349): CodeIgniter\CodeIgniter->handleRequest(null, Object(Config\Cache), false)
 9 FCPATH\index.php(55): CodeIgniter\CodeIgniter->run()
10 SYSTEMPATH\Commands\Server\rewrite.php(43): require_once('FCPATH\\index.php')
CRITICAL - 2022-08-03 12:44:15 --> Class 'CodeIgniter\Models' not found
in APPPATH\Models\ProdutosModel.php on line 7.
 1 SYSTEMPATH\Autoloader\Autoloader.php(284): include_once()
 2 SYSTEMPATH\Autoloader\Autoloader.php(261): CodeIgniter\Autoloader\Autoloader->includeFile('APPPATH\\Models\\ProdutosModel.php')
 3 SYSTEMPATH\Autoloader\Autoloader.php(239): CodeIgniter\Autoloader\Autoloader->loadInNamespace('App\\Models\\ProdutosModel')
 4 [internal function]: CodeIgniter\Autoloader\Autoloader->loadClass('App\\Models\\ProdutosModel')
 5 APPPATH\Controllers\Produtos.php(12): spl_autoload_call('App\\Models\\ProdutosModel')
 6 SYSTEMPATH\CodeIgniter.php(858): App\Controllers\Produtos->__construct()
 7 SYSTEMPATH\CodeIgniter.php(457): CodeIgniter\CodeIgniter->createController()
 8 SYSTEMPATH\CodeIgniter.php(349): CodeIgniter\CodeIgniter->handleRequest(null, Object(Config\Cache), false)
 9 FCPATH\index.php(55): CodeIgniter\CodeIgniter->run()
10 SYSTEMPATH\Commands\Server\rewrite.php(43): require_once('FCPATH\\index.php')
CRITICAL - 2022-08-03 12:44:15 --> Class 'CodeIgniter\Models' not found
in APPPATH\Models\ProdutosModel.php on line 7.
 1 SYSTEMPATH\Autoloader\Autoloader.php(284): include_once()
 2 SYSTEMPATH\Autoloader\Autoloader.php(261): CodeIgniter\Autoloader\Autoloader->includeFile('APPPATH\\Models\\ProdutosModel.php')
 3 SYSTEMPATH\Autoloader\Autoloader.php(239): CodeIgniter\Autoloader\Autoloader->loadInNamespace('App\\Models\\ProdutosModel')
 4 [internal function]: CodeIgniter\Autoloader\Autoloader->loadClass('App\\Models\\ProdutosModel')
 5 APPPATH\Controllers\Produtos.php(12): spl_autoload_call('App\\Models\\ProdutosModel')
 6 SYSTEMPATH\CodeIgniter.php(858): App\Controllers\Produtos->__construct()
 7 SYSTEMPATH\CodeIgniter.php(457): CodeIgniter\CodeIgniter->createController()
 8 SYSTEMPATH\CodeIgniter.php(349): CodeIgniter\CodeIgniter->handleRequest(null, Object(Config\Cache), false)
 9 FCPATH\index.php(55): CodeIgniter\CodeIgniter->run()
10 SYSTEMPATH\Commands\Server\rewrite.php(43): require_once('FCPATH\\index.php')
CRITICAL - 2022-08-03 12:44:15 --> Class 'CodeIgniter\Models' not found
in APPPATH\Models\ProdutosModel.php on line 7.
 1 SYSTEMPATH\Autoloader\Autoloader.php(284): include_once()
 2 SYSTEMPATH\Autoloader\Autoloader.php(261): CodeIgniter\Autoloader\Autoloader->includeFile('APPPATH\\Models\\ProdutosModel.php')
 3 SYSTEMPATH\Autoloader\Autoloader.php(239): CodeIgniter\Autoloader\Autoloader->loadInNamespace('App\\Models\\ProdutosModel')
 4 [internal function]: CodeIgniter\Autoloader\Autoloader->loadClass('App\\Models\\ProdutosModel')
 5 APPPATH\Controllers\Produtos.php(12): spl_autoload_call('App\\Models\\ProdutosModel')
 6 SYSTEMPATH\CodeIgniter.php(858): App\Controllers\Produtos->__construct()
 7 SYSTEMPATH\CodeIgniter.php(457): CodeIgniter\CodeIgniter->createController()
 8 SYSTEMPATH\CodeIgniter.php(349): CodeIgniter\CodeIgniter->handleRequest(null, Object(Config\Cache), false)
 9 FCPATH\index.php(55): CodeIgniter\CodeIgniter->run()
10 SYSTEMPATH\Commands\Server\rewrite.php(43): require_once('FCPATH\\index.php')
CRITICAL - 2022-08-03 12:44:15 --> Class 'CodeIgniter\Models' not found
in APPPATH\Models\ProdutosModel.php on line 7.
 1 SYSTEMPATH\Autoloader\Autoloader.php(284): include_once()
 2 SYSTEMPATH\Autoloader\Autoloader.php(261): CodeIgniter\Autoloader\Autoloader->includeFile('APPPATH\\Models\\ProdutosModel.php')
 3 SYSTEMPATH\Autoloader\Autoloader.php(239): CodeIgniter\Autoloader\Autoloader->loadInNamespace('App\\Models\\ProdutosModel')
 4 [internal function]: CodeIgniter\Autoloader\Autoloader->loadClass('App\\Models\\ProdutosModel')
 5 APPPATH\Controllers\Produtos.php(12): spl_autoload_call('App\\Models\\ProdutosModel')
 6 SYSTEMPATH\CodeIgniter.php(858): App\Controllers\Produtos->__construct()
 7 SYSTEMPATH\CodeIgniter.php(457): CodeIgniter\CodeIgniter->createController()
 8 SYSTEMPATH\CodeIgniter.php(349): CodeIgniter\CodeIgniter->handleRequest(null, Object(Config\Cache), false)
 9 FCPATH\index.php(55): CodeIgniter\CodeIgniter->run()
10 SYSTEMPATH\Commands\Server\rewrite.php(43): require_once('FCPATH\\index.php')
CRITICAL - 2022-08-03 12:46:58 --> Class 'CodeIgniter\Models' not found
in APPPATH\Models\ProdutosModel.php on line 7.
 1 SYSTEMPATH\Autoloader\Autoloader.php(284): include_once()
 2 SYSTEMPATH\Autoloader\Autoloader.php(261): CodeIgniter\Autoloader\Autoloader->includeFile('APPPATH\\Models\\ProdutosModel.php')
 3 SYSTEMPATH\Autoloader\Autoloader.php(239): CodeIgniter\Autoloader\Autoloader->loadInNamespace('App\\Models\\ProdutosModel')
 4 [internal function]: CodeIgniter\Autoloader\Autoloader->loadClass('App\\Models\\ProdutosModel')
 5 APPPATH\Controllers\Produtos.php(12): spl_autoload_call('App\\Models\\ProdutosModel')
 6 SYSTEMPATH\CodeIgniter.php(858): App\Controllers\Produtos->__construct()
 7 SYSTEMPATH\CodeIgniter.php(457): CodeIgniter\CodeIgniter->createController()
 8 SYSTEMPATH\CodeIgniter.php(349): CodeIgniter\CodeIgniter->handleRequest(null, Object(Config\Cache), false)
 9 FCPATH\index.php(55): CodeIgniter\CodeIgniter->run()
10 SYSTEMPATH\Commands\Server\rewrite.php(43): require_once('FCPATH\\index.php')
CRITICAL - 2022-08-03 12:47:07 --> Class 'CodeIgniter\Models' not found
in APPPATH\Models\ProdutosModel.php on line 7.
 1 SYSTEMPATH\Autoloader\Autoloader.php(284): include_once()
 2 SYSTEMPATH\Autoloader\Autoloader.php(261): CodeIgniter\Autoloader\Autoloader->includeFile('APPPATH\\Models\\ProdutosModel.php')
 3 SYSTEMPATH\Autoloader\Autoloader.php(239): CodeIgniter\Autoloader\Autoloader->loadInNamespace('App\\Models\\ProdutosModel')
 4 [internal function]: CodeIgniter\Autoloader\Autoloader->loadClass('App\\Models\\ProdutosModel')
 5 APPPATH\Controllers\Produtos.php(12): spl_autoload_call('App\\Models\\ProdutosModel')
 6 SYSTEMPATH\CodeIgniter.php(858): App\Controllers\Produtos->__construct()
 7 SYSTEMPATH\CodeIgniter.php(457): CodeIgniter\CodeIgniter->createController()
 8 SYSTEMPATH\CodeIgniter.php(349): CodeIgniter\CodeIgniter->handleRequest(null, Object(Config\Cache), false)
 9 FCPATH\index.php(55): CodeIgniter\CodeIgniter->run()
10 SYSTEMPATH\Commands\Server\rewrite.php(43): require_once('FCPATH\\index.php')
CRITICAL - 2022-08-03 12:47:10 --> Class 'CodeIgniter\Models' not found
in APPPATH\Models\ProdutosModel.php on line 7.
 1 SYSTEMPATH\Autoloader\Autoloader.php(284): include_once()
 2 SYSTEMPATH\Autoloader\Autoloader.php(261): CodeIgniter\Autoloader\Autoloader->includeFile('APPPATH\\Models\\ProdutosModel.php')
 3 SYSTEMPATH\Autoloader\Autoloader.php(239): CodeIgniter\Autoloader\Autoloader->loadInNamespace('App\\Models\\ProdutosModel')
 4 [internal function]: CodeIgniter\Autoloader\Autoloader->loadClass('App\\Models\\ProdutosModel')
 5 APPPATH\Controllers\Produtos.php(12): spl_autoload_call('App\\Models\\ProdutosModel')
 6 SYSTEMPATH\CodeIgniter.php(858): App\Controllers\Produtos->__construct()
 7 SYSTEMPATH\CodeIgniter.php(457): CodeIgniter\CodeIgniter->createController()
 8 SYSTEMPATH\CodeIgniter.php(349): CodeIgniter\CodeIgniter->handleRequest(null, Object(Config\Cache), false)
 9 FCPATH\index.php(55): CodeIgniter\CodeIgniter->run()
10 SYSTEMPATH\Commands\Server\rewrite.php(43): require_once('FCPATH\\index.php')
CRITICAL - 2022-08-03 12:54:44 --> Class 'App\Models\Model' not found
in APPPATH\Models\ProdutosModel.php on line 7.
 1 SYSTEMPATH\Autoloader\Autoloader.php(284): include_once()
 2 SYSTEMPATH\Autoloader\Autoloader.php(261): CodeIgniter\Autoloader\Autoloader->includeFile('APPPATH\\Models\\ProdutosModel.php')
 3 SYSTEMPATH\Autoloader\Autoloader.php(239): CodeIgniter\Autoloader\Autoloader->loadInNamespace('App\\Models\\ProdutosModel')
 4 [internal function]: CodeIgniter\Autoloader\Autoloader->loadClass('App\\Models\\ProdutosModel')
 5 APPPATH\Controllers\Produtos.php(12): spl_autoload_call('App\\Models\\ProdutosModel')
 6 SYSTEMPATH\CodeIgniter.php(858): App\Controllers\Produtos->__construct()
 7 SYSTEMPATH\CodeIgniter.php(457): CodeIgniter\CodeIgniter->createController()
 8 SYSTEMPATH\CodeIgniter.php(349): CodeIgniter\CodeIgniter->handleRequest(null, Object(Config\Cache), false)
 9 FCPATH\index.php(55): CodeIgniter\CodeIgniter->run()
10 SYSTEMPATH\Commands\Server\rewrite.php(43): require_once('FCPATH\\index.php')
CRITICAL - 2022-08-03 12:55:17 --> Class 'App\Models\Model' not found
in APPPATH\Models\ProdutosModel.php on line 7.
 1 SYSTEMPATH\Autoloader\Autoloader.php(284): include_once()
 2 SYSTEMPATH\Autoloader\Autoloader.php(261): CodeIgniter\Autoloader\Autoloader->includeFile('APPPATH\\Models\\ProdutosModel.php')
 3 SYSTEMPATH\Autoloader\Autoloader.php(239): CodeIgniter\Autoloader\Autoloader->loadInNamespace('App\\Models\\ProdutosModel')
 4 [internal function]: CodeIgniter\Autoloader\Autoloader->loadClass('App\\Models\\ProdutosModel')
 5 APPPATH\Controllers\Produtos.php(12): spl_autoload_call('App\\Models\\ProdutosModel')
 6 SYSTEMPATH\CodeIgniter.php(858): App\Controllers\Produtos->__construct()
 7 SYSTEMPATH\CodeIgniter.php(457): CodeIgniter\CodeIgniter->createController()
 8 SYSTEMPATH\CodeIgniter.php(349): CodeIgniter\CodeIgniter->handleRequest(null, Object(Config\Cache), false)
 9 FCPATH\index.php(55): CodeIgniter\CodeIgniter->run()
10 SYSTEMPATH\Commands\Server\rewrite.php(43): require_once('FCPATH\\index.php')
CRITICAL - 2022-08-03 12:56:11 --> Class 'App\Models\Model' not found
in APPPATH\Models\ProdutosModel.php on line 7.
 1 SYSTEMPATH\Autoloader\Autoloader.php(284): include_once()
 2 SYSTEMPATH\Autoloader\Autoloader.php(261): CodeIgniter\Autoloader\Autoloader->includeFile('APPPATH\\Models\\ProdutosModel.php')
 3 SYSTEMPATH\Autoloader\Autoloader.php(239): CodeIgniter\Autoloader\Autoloader->loadInNamespace('App\\Models\\ProdutosModel')
 4 [internal function]: CodeIgniter\Autoloader\Autoloader->loadClass('App\\Models\\ProdutosModel')
 5 APPPATH\Controllers\Produtos.php(12): spl_autoload_call('App\\Models\\ProdutosModel')
 6 SYSTEMPATH\CodeIgniter.php(858): App\Controllers\Produtos->__construct()
 7 SYSTEMPATH\CodeIgniter.php(457): CodeIgniter\CodeIgniter->createController()
 8 SYSTEMPATH\CodeIgniter.php(349): CodeIgniter\CodeIgniter->handleRequest(null, Object(Config\Cache), false)
 9 FCPATH\index.php(55): CodeIgniter\CodeIgniter->run()
10 SYSTEMPATH\Commands\Server\rewrite.php(43): require_once('FCPATH\\index.php')
CRITICAL - 2022-08-03 12:56:12 --> Class 'App\Models\Model' not found
in APPPATH\Models\ProdutosModel.php on line 7.
 1 SYSTEMPATH\Autoloader\Autoloader.php(284): include_once()
 2 SYSTEMPATH\Autoloader\Autoloader.php(261): CodeIgniter\Autoloader\Autoloader->includeFile('APPPATH\\Models\\ProdutosModel.php')
 3 SYSTEMPATH\Autoloader\Autoloader.php(239): CodeIgniter\Autoloader\Autoloader->loadInNamespace('App\\Models\\ProdutosModel')
 4 [internal function]: CodeIgniter\Autoloader\Autoloader->loadClass('App\\Models\\ProdutosModel')
 5 APPPATH\Controllers\Produtos.php(12): spl_autoload_call('App\\Models\\ProdutosModel')
 6 SYSTEMPATH\CodeIgniter.php(858): App\Controllers\Produtos->__construct()
 7 SYSTEMPATH\CodeIgniter.php(457): CodeIgniter\CodeIgniter->createController()
 8 SYSTEMPATH\CodeIgniter.php(349): CodeIgniter\CodeIgniter->handleRequest(null, Object(Config\Cache), false)
 9 FCPATH\index.php(55): CodeIgniter\CodeIgniter->run()
10 SYSTEMPATH\Commands\Server\rewrite.php(43): require_once('FCPATH\\index.php')
CRITICAL - 2022-08-03 12:56:12 --> Class 'App\Models\Model' not found
in APPPATH\Models\ProdutosModel.php on line 7.
 1 SYSTEMPATH\Autoloader\Autoloader.php(284): include_once()
 2 SYSTEMPATH\Autoloader\Autoloader.php(261): CodeIgniter\Autoloader\Autoloader->includeFile('APPPATH\\Models\\ProdutosModel.php')
 3 SYSTEMPATH\Autoloader\Autoloader.php(239): CodeIgniter\Autoloader\Autoloader->loadInNamespace('App\\Models\\ProdutosModel')
 4 [internal function]: CodeIgniter\Autoloader\Autoloader->loadClass('App\\Models\\ProdutosModel')
 5 APPPATH\Controllers\Produtos.php(12): spl_autoload_call('App\\Models\\ProdutosModel')
 6 SYSTEMPATH\CodeIgniter.php(858): App\Controllers\Produtos->__construct()
 7 SYSTEMPATH\CodeIgniter.php(457): CodeIgniter\CodeIgniter->createController()
 8 SYSTEMPATH\CodeIgniter.php(349): CodeIgniter\CodeIgniter->handleRequest(null, Object(Config\Cache), false)
 9 FCPATH\index.php(55): CodeIgniter\CodeIgniter->run()
10 SYSTEMPATH\Commands\Server\rewrite.php(43): require_once('FCPATH\\index.php')
CRITICAL - 2022-08-03 12:56:12 --> Class 'App\Models\Model' not found
in APPPATH\Models\ProdutosModel.php on line 7.
 1 SYSTEMPATH\Autoloader\Autoloader.php(284): include_once()
 2 SYSTEMPATH\Autoloader\Autoloader.php(261): CodeIgniter\Autoloader\Autoloader->includeFile('APPPATH\\Models\\ProdutosModel.php')
 3 SYSTEMPATH\Autoloader\Autoloader.php(239): CodeIgniter\Autoloader\Autoloader->loadInNamespace('App\\Models\\ProdutosModel')
 4 [internal function]: CodeIgniter\Autoloader\Autoloader->loadClass('App\\Models\\ProdutosModel')
 5 APPPATH\Controllers\Produtos.php(12): spl_autoload_call('App\\Models\\ProdutosModel')
 6 SYSTEMPATH\CodeIgniter.php(858): App\Controllers\Produtos->__construct()
 7 SYSTEMPATH\CodeIgniter.php(457): CodeIgniter\CodeIgniter->createController()
 8 SYSTEMPATH\CodeIgniter.php(349): CodeIgniter\CodeIgniter->handleRequest(null, Object(Config\Cache), false)
 9 FCPATH\index.php(55): CodeIgniter\CodeIgniter->run()
10 SYSTEMPATH\Commands\Server\rewrite.php(43): require_once('FCPATH\\index.php')
CRITICAL - 2022-08-03 12:56:12 --> Class 'App\Models\Model' not found
in APPPATH\Models\ProdutosModel.php on line 7.
 1 SYSTEMPATH\Autoloader\Autoloader.php(284): include_once()
 2 SYSTEMPATH\Autoloader\Autoloader.php(261): CodeIgniter\Autoloader\Autoloader->includeFile('APPPATH\\Models\\ProdutosModel.php')
 3 SYSTEMPATH\Autoloader\Autoloader.php(239): CodeIgniter\Autoloader\Autoloader->loadInNamespace('App\\Models\\ProdutosModel')
 4 [internal function]: CodeIgniter\Autoloader\Autoloader->loadClass('App\\Models\\ProdutosModel')
 5 APPPATH\Controllers\Produtos.php(12): spl_autoload_call('App\\Models\\ProdutosModel')
 6 SYSTEMPATH\CodeIgniter.php(858): App\Controllers\Produtos->__construct()
 7 SYSTEMPATH\CodeIgniter.php(457): CodeIgniter\CodeIgniter->createController()
 8 SYSTEMPATH\CodeIgniter.php(349): CodeIgniter\CodeIgniter->handleRequest(null, Object(Config\Cache), false)
 9 FCPATH\index.php(55): CodeIgniter\CodeIgniter->run()
10 SYSTEMPATH\Commands\Server\rewrite.php(43): require_once('FCPATH\\index.php')
CRITICAL - 2022-08-03 12:56:13 --> Class 'App\Models\Model' not found
in APPPATH\Models\ProdutosModel.php on line 7.
 1 SYSTEMPATH\Autoloader\Autoloader.php(284): include_once()
 2 SYSTEMPATH\Autoloader\Autoloader.php(261): CodeIgniter\Autoloader\Autoloader->includeFile('APPPATH\\Models\\ProdutosModel.php')
 3 SYSTEMPATH\Autoloader\Autoloader.php(239): CodeIgniter\Autoloader\Autoloader->loadInNamespace('App\\Models\\ProdutosModel')
 4 [internal function]: CodeIgniter\Autoloader\Autoloader->loadClass('App\\Models\\ProdutosModel')
 5 APPPATH\Controllers\Produtos.php(12): spl_autoload_call('App\\Models\\ProdutosModel')
 6 SYSTEMPATH\CodeIgniter.php(858): App\Controllers\Produtos->__construct()
 7 SYSTEMPATH\CodeIgniter.php(457): CodeIgniter\CodeIgniter->createController()
 8 SYSTEMPATH\CodeIgniter.php(349): CodeIgniter\CodeIgniter->handleRequest(null, Object(Config\Cache), false)
 9 FCPATH\index.php(55): CodeIgniter\CodeIgniter->run()
10 SYSTEMPATH\Commands\Server\rewrite.php(43): require_once('FCPATH\\index.php')
CRITICAL - 2022-08-03 12:56:13 --> Class 'App\Models\Model' not found
in APPPATH\Models\ProdutosModel.php on line 7.
 1 SYSTEMPATH\Autoloader\Autoloader.php(284): include_once()
 2 SYSTEMPATH\Autoloader\Autoloader.php(261): CodeIgniter\Autoloader\Autoloader->includeFile('APPPATH\\Models\\ProdutosModel.php')
 3 SYSTEMPATH\Autoloader\Autoloader.php(239): CodeIgniter\Autoloader\Autoloader->loadInNamespace('App\\Models\\ProdutosModel')
 4 [internal function]: CodeIgniter\Autoloader\Autoloader->loadClass('App\\Models\\ProdutosModel')
 5 APPPATH\Controllers\Produtos.php(12): spl_autoload_call('App\\Models\\ProdutosModel')
 6 SYSTEMPATH\CodeIgniter.php(858): App\Controllers\Produtos->__construct()
 7 SYSTEMPATH\CodeIgniter.php(457): CodeIgniter\CodeIgniter->createController()
 8 SYSTEMPATH\CodeIgniter.php(349): CodeIgniter\CodeIgniter->handleRequest(null, Object(Config\Cache), false)
 9 FCPATH\index.php(55): CodeIgniter\CodeIgniter->run()
10 SYSTEMPATH\Commands\Server\rewrite.php(43): require_once('FCPATH\\index.php')
CRITICAL - 2022-08-03 12:56:13 --> Class 'App\Models\Model' not found
in APPPATH\Models\ProdutosModel.php on line 7.
 1 SYSTEMPATH\Autoloader\Autoloader.php(284): include_once()
 2 SYSTEMPATH\Autoloader\Autoloader.php(261): CodeIgniter\Autoloader\Autoloader->includeFile('APPPATH\\Models\\ProdutosModel.php')
 3 SYSTEMPATH\Autoloader\Autoloader.php(239): CodeIgniter\Autoloader\Autoloader->loadInNamespace('App\\Models\\ProdutosModel')
 4 [internal function]: CodeIgniter\Autoloader\Autoloader->loadClass('App\\Models\\ProdutosModel')
 5 APPPATH\Controllers\Produtos.php(12): spl_autoload_call('App\\Models\\ProdutosModel')
 6 SYSTEMPATH\CodeIgniter.php(858): App\Controllers\Produtos->__construct()
 7 SYSTEMPATH\CodeIgniter.php(457): CodeIgniter\CodeIgniter->createController()
 8 SYSTEMPATH\CodeIgniter.php(349): CodeIgniter\CodeIgniter->handleRequest(null, Object(Config\Cache), false)
 9 FCPATH\index.php(55): CodeIgniter\CodeIgniter->run()
10 SYSTEMPATH\Commands\Server\rewrite.php(43): require_once('FCPATH\\index.php')
CRITICAL - 2022-08-03 12:56:13 --> Class 'App\Models\Model' not found
in APPPATH\Models\ProdutosModel.php on line 7.
 1 SYSTEMPATH\Autoloader\Autoloader.php(284): include_once()
 2 SYSTEMPATH\Autoloader\Autoloader.php(261): CodeIgniter\Autoloader\Autoloader->includeFile('APPPATH\\Models\\ProdutosModel.php')
 3 SYSTEMPATH\Autoloader\Autoloader.php(239): CodeIgniter\Autoloader\Autoloader->loadInNamespace('App\\Models\\ProdutosModel')
 4 [internal function]: CodeIgniter\Autoloader\Autoloader->loadClass('App\\Models\\ProdutosModel')
 5 APPPATH\Controllers\Produtos.php(12): spl_autoload_call('App\\Models\\ProdutosModel')
 6 SYSTEMPATH\CodeIgniter.php(858): App\Controllers\Produtos->__construct()
 7 SYSTEMPATH\CodeIgniter.php(457): CodeIgniter\CodeIgniter->createController()
 8 SYSTEMPATH\CodeIgniter.php(349): CodeIgniter\CodeIgniter->handleRequest(null, Object(Config\Cache), false)
 9 FCPATH\index.php(55): CodeIgniter\CodeIgniter->run()
10 SYSTEMPATH\Commands\Server\rewrite.php(43): require_once('FCPATH\\index.php')
CRITICAL - 2022-08-03 12:56:51 --> Class 'App\Models\Model' not found
in APPPATH\Models\ProdutosModel.php on line 7.
 1 SYSTEMPATH\Autoloader\Autoloader.php(284): include_once()
 2 SYSTEMPATH\Autoloader\Autoloader.php(261): CodeIgniter\Autoloader\Autoloader->includeFile('APPPATH\\Models\\ProdutosModel.php')
 3 SYSTEMPATH\Autoloader\Autoloader.php(239): CodeIgniter\Autoloader\Autoloader->loadInNamespace('App\\Models\\ProdutosModel')
 4 [internal function]: CodeIgniter\Autoloader\Autoloader->loadClass('App\\Models\\ProdutosModel')
 5 APPPATH\Controllers\Produtos.php(12): spl_autoload_call('App\\Models\\ProdutosModel')
 6 SYSTEMPATH\CodeIgniter.php(858): App\Controllers\Produtos->__construct()
 7 SYSTEMPATH\CodeIgniter.php(457): CodeIgniter\CodeIgniter->createController()
 8 SYSTEMPATH\CodeIgniter.php(349): CodeIgniter\CodeIgniter->handleRequest(null, Object(Config\Cache), false)
 9 FCPATH\index.php(55): CodeIgniter\CodeIgniter->run()
10 SYSTEMPATH\Commands\Server\rewrite.php(43): require_once('FCPATH\\index.php')
CRITICAL - 2022-08-03 12:59:13 --> Call to undefined method App\Models\ProdutosModel::findALLL
in SYSTEMPATH\Model.php on line 773.
 1 APPPATH\Controllers\Produtos.php(17): CodeIgniter\Model->__call('findALLL', [])
 2 SYSTEMPATH\CodeIgniter.php(896): App\Controllers\Produtos->listar()
 3 SYSTEMPATH\CodeIgniter.php(466): CodeIgniter\CodeIgniter->runController(Object(App\Controllers\Produtos))
 4 SYSTEMPATH\CodeIgniter.php(349): CodeIgniter\CodeIgniter->handleRequest(null, Object(Config\Cache), false)
 5 FCPATH\index.php(55): CodeIgniter\CodeIgniter->run()
 6 SYSTEMPATH\Commands\Server\rewrite.php(43): require_once('FCPATH\\index.php')
